Started GET "/" for 127.0.0.1 at 2018-09-17 10:07:29 -0300
Processing by Rails::WelcomeController#index as HTML
  Rendering /aluraverde.rvm/gems/ruby-2.5.1/gems/railties-5.2.1/lib/rails/templates/rails/welcome/index.html.erb
  Rendered /aluraverde.rvm/gems/ruby-2.5.1/gems/railties-5.2.1/lib/rails/templates/rails/welcome/index.html.erb (4.7ms)
Completed 200 OK in 27ms (Views: 14.9ms | ActiveRecord: 0.0ms)


Started GET "/" for 127.0.0.1 at 2018-09-17 10:11:56 -0300
Processing by Rails::WelcomeController#index as HTML
  Rendering /aluraverde.rvm/gems/ruby-2.5.1/gems/railties-5.2.1/lib/rails/templates/rails/welcome/index.html.erb
  Rendered /aluraverde.rvm/gems/ruby-2.5.1/gems/railties-5.2.1/lib/rails/templates/rails/welcome/index.html.erb (3.8ms)
Completed 200 OK in 11ms (Views: 6.7ms | ActiveRecord: 0.0ms)


Started GET "/produtos" for 127.0.0.1 at 2018-09-17 10:12:06 -0300
  
ActionController::RoutingError (No route matches [GET] "/produtos"):
  
actionpack (5.2.1) lib/action_dispatch/middleware/debug_exceptions.rb:65:in `call'
web-console (3.7.0) lib/web_console/middleware.rb:135:in `call_app'
web-console (3.7.0) lib/web_console/middleware.rb:30:in `block in call'
web-console (3.7.0) lib/web_console/middleware.rb:20:in `catch'
web-console (3.7.0) lib/web_console/middleware.rb:20:in `call'
actionpack (5.2.1) lib/action_dispatch/middleware/show_exceptions.rb:33:in `call'
railties (5.2.1) lib/rails/rack/logger.rb:38:in `call_app'
railties (5.2.1) lib/rails/rack/logger.rb:26:in `block in call'
activesupport (5.2.1) lib/active_support/tagged_logging.rb:71:in `block in tagged'
activesupport (5.2.1) lib/active_support/tagged_logging.rb:28:in `tagged'
activesupport (5.2.1) lib/active_support/tagged_logging.rb:71:in `tagged'
railties (5.2.1) lib/rails/rack/logger.rb:26:in `call'
sprockets-rails (3.2.1) lib/sprockets/rails/quiet_assets.rb:13:in `call'
actionpack (5.2.1) lib/action_dispatch/middleware/remote_ip.rb:81:in `call'
actionpack (5.2.1) lib/action_dispatch/middleware/request_id.rb:27:in `call'
rack (2.0.5) lib/rack/method_override.rb:22:in `call'
rack (2.0.5) lib/rack/runtime.rb:22:in `call'
activesupport (5.2.1) lib/active_support/cache/strategy/local_cache_middleware.rb:29:in `call'
actionpack (5.2.1) lib/action_dispatch/middleware/executor.rb:14:in `call'
actionpack (5.2.1) lib/action_dispatch/middleware/static.rb:127:in `call'
rack (2.0.5) lib/rack/sendfile.rb:111:in `call'
railties (5.2.1) lib/rails/engine.rb:524:in `call'
puma (3.12.0) lib/puma/configuration.rb:225:in `call'
puma (3.12.0) lib/puma/server.rb:658:in `handle_request'
puma (3.12.0) lib/puma/server.rb:472:in `process_client'
puma (3.12.0) lib/puma/server.rb:332:in `block in run'
puma (3.12.0) lib/puma/thread_pool.rb:133:in `block in spawn_thread'
Started GET "/produtos" for 127.0.0.1 at 2018-09-17 10:13:37 -0300
  
ActionController::RoutingError (uninitialized constant ProdutosController):
  
bootsnap (1.3.2) lib/bootsnap/load_path_cache/core_ext/active_support.rb:74:in `block in load_missing_constant'
bootsnap (1.3.2) lib/bootsnap/load_path_cache/core_ext/active_support.rb:8:in `without_bootsnap_cache'
bootsnap (1.3.2) lib/bootsnap/load_path_cache/core_ext/active_support.rb:74:in `rescue in load_missing_constant'
bootsnap (1.3.2) lib/bootsnap/load_path_cache/core_ext/active_support.rb:56:in `load_missing_constant'
activesupport (5.2.1) lib/active_support/inflector/methods.rb:283:in `const_get'
activesupport (5.2.1) lib/active_support/inflector/methods.rb:283:in `block in constantize'
activesupport (5.2.1) lib/active_support/inflector/methods.rb:281:in `each'
activesupport (5.2.1) lib/active_support/inflector/methods.rb:281:in `inject'
activesupport (5.2.1) lib/active_support/inflector/methods.rb:281:in `constantize'
actionpack (5.2.1) lib/action_dispatch/http/request.rb:88:in `controller_class_for'
actionpack (5.2.1) lib/action_dispatch/http/request.rb:81:in `controller_class'
actionpack (5.2.1) lib/action_dispatch/routing/route_set.rb:46:in `controller'
actionpack (5.2.1) lib/action_dispatch/routing/route_set.rb:32:in `serve'
actionpack (5.2.1) lib/action_dispatch/journey/router.rb:52:in `block in serve'
actionpack (5.2.1) lib/action_dispatch/journey/router.rb:35:in `each'
actionpack (5.2.1) lib/action_dispatch/journey/router.rb:35:in `serve'
actionpack (5.2.1) lib/action_dispatch/routing/route_set.rb:840:in `call'
rack (2.0.5) lib/rack/tempfile_reaper.rb:15:in `call'
rack (2.0.5) lib/rack/etag.rb:25:in `call'
rack (2.0.5) lib/rack/conditional_get.rb:25:in `call'
rack (2.0.5) lib/rack/head.rb:12:in `call'
actionpack (5.2.1) lib/action_dispatch/http/content_security_policy.rb:18:in `call'
rack (2.0.5) lib/rack/session/abstract/id.rb:232:in `context'
rack (2.0.5) lib/rack/session/abstract/id.rb:226:in `call'
actionpack (5.2.1) lib/action_dispatch/middleware/cookies.rb:670:in `call'
activerecord (5.2.1) lib/active_record/migration.rb:559:in `call'
actionpack (5.2.1) lib/action_dispatch/middleware/callbacks.rb:28:in `block in call'
activesupport (5.2.1) lib/active_support/callbacks.rb:98:in `run_callbacks'
actionpack (5.2.1) lib/action_dispatch/middleware/callbacks.rb:26:in `call'
actionpack (5.2.1) lib/action_dispatch/middleware/executor.rb:14:in `call'
actionpack (5.2.1) lib/action_dispatch/middleware/debug_exceptions.rb:61:in `call'
web-console (3.7.0) lib/web_console/middleware.rb:135:in `call_app'
web-console (3.7.0) lib/web_console/middleware.rb:30:in `block in call'
web-console (3.7.0) lib/web_console/middleware.rb:20:in `catch'
web-console (3.7.0) lib/web_console/middleware.rb:20:in `call'
actionpack (5.2.1) lib/action_dispatch/middleware/show_exceptions.rb:33:in `call'
railties (5.2.1) lib/rails/rack/logger.rb:38:in `call_app'
railties (5.2.1) lib/rails/rack/logger.rb:26:in `block in call'
activesupport (5.2.1) lib/active_support/tagged_logging.rb:71:in `block in tagged'
activesupport (5.2.1) lib/active_support/tagged_logging.rb:28:in `tagged'
activesupport (5.2.1) lib/active_support/tagged_logging.rb:71:in `tagged'
railties (5.2.1) lib/rails/rack/logger.rb:26:in `call'
sprockets-rails (3.2.1) lib/sprockets/rails/quiet_assets.rb:13:in `call'
actionpack (5.2.1) lib/action_dispatch/middleware/remote_ip.rb:81:in `call'
actionpack (5.2.1) lib/action_dispatch/middleware/request_id.rb:27:in `call'
rack (2.0.5) lib/rack/method_override.rb:22:in `call'
rack (2.0.5) lib/rack/runtime.rb:22:in `call'
activesupport (5.2.1) lib/active_support/cache/strategy/local_cache_middleware.rb:29:in `call'
actionpack (5.2.1) lib/action_dispatch/middleware/executor.rb:14:in `call'
actionpack (5.2.1) lib/action_dispatch/middleware/static.rb:127:in `call'
rack (2.0.5) lib/rack/sendfile.rb:111:in `call'
railties (5.2.1) lib/rails/engine.rb:524:in `call'
puma (3.12.0) lib/puma/configuration.rb:225:in `call'
puma (3.12.0) lib/puma/server.rb:658:in `handle_request'
puma (3.12.0) lib/puma/server.rb:472:in `process_client'
puma (3.12.0) lib/puma/server.rb:332:in `block in run'
puma (3.12.0) lib/puma/thread_pool.rb:133:in `block in spawn_thread'
Started GET "/produtos" for 127.0.0.1 at 2018-09-17 10:15:15 -0300
  
ActionController::RoutingError (uninitialized constant ProdutosController):
  
bootsnap (1.3.2) lib/bootsnap/load_path_cache/core_ext/active_support.rb:74:in `block in load_missing_constant'
bootsnap (1.3.2) lib/bootsnap/load_path_cache/core_ext/active_support.rb:8:in `without_bootsnap_cache'
bootsnap (1.3.2) lib/bootsnap/load_path_cache/core_ext/active_support.rb:74:in `rescue in load_missing_constant'
bootsnap (1.3.2) lib/bootsnap/load_path_cache/core_ext/active_support.rb:56:in `load_missing_constant'
activesupport (5.2.1) lib/active_support/inflector/methods.rb:283:in `const_get'
activesupport (5.2.1) lib/active_support/inflector/methods.rb:283:in `block in constantize'
activesupport (5.2.1) lib/active_support/inflector/methods.rb:281:in `each'
activesupport (5.2.1) lib/active_support/inflector/methods.rb:281:in `inject'
activesupport (5.2.1) lib/active_support/inflector/methods.rb:281:in `constantize'
actionpack (5.2.1) lib/action_dispatch/http/request.rb:88:in `controller_class_for'
actionpack (5.2.1) lib/action_dispatch/http/request.rb:81:in `controller_class'
actionpack (5.2.1) lib/action_dispatch/routing/route_set.rb:46:in `controller'
actionpack (5.2.1) lib/action_dispatch/routing/route_set.rb:32:in `serve'
actionpack (5.2.1) lib/action_dispatch/journey/router.rb:52:in `block in serve'
actionpack (5.2.1) lib/action_dispatch/journey/router.rb:35:in `each'
actionpack (5.2.1) lib/action_dispatch/journey/router.rb:35:in `serve'
actionpack (5.2.1) lib/action_dispatch/routing/route_set.rb:840:in `call'
rack (2.0.5) lib/rack/tempfile_reaper.rb:15:in `call'
rack (2.0.5) lib/rack/etag.rb:25:in `call'
rack (2.0.5) lib/rack/conditional_get.rb:25:in `call'
rack (2.0.5) lib/rack/head.rb:12:in `call'
actionpack (5.2.1) lib/action_dispatch/http/content_security_policy.rb:18:in `call'
rack (2.0.5) lib/rack/session/abstract/id.rb:232:in `context'
rack (2.0.5) lib/rack/session/abstract/id.rb:226:in `call'
actionpack (5.2.1) lib/action_dispatch/middleware/cookies.rb:670:in `call'
activerecord (5.2.1) lib/active_record/migration.rb:559:in `call'
actionpack (5.2.1) lib/action_dispatch/middleware/callbacks.rb:28:in `block in call'
activesupport (5.2.1) lib/active_support/callbacks.rb:98:in `run_callbacks'
actionpack (5.2.1) lib/action_dispatch/middleware/callbacks.rb:26:in `call'
actionpack (5.2.1) lib/action_dispatch/middleware/executor.rb:14:in `call'
actionpack (5.2.1) lib/action_dispatch/middleware/debug_exceptions.rb:61:in `call'
web-console (3.7.0) lib/web_console/middleware.rb:135:in `call_app'
web-console (3.7.0) lib/web_console/middleware.rb:30:in `block in call'
web-console (3.7.0) lib/web_console/middleware.rb:20:in `catch'
web-console (3.7.0) lib/web_console/middleware.rb:20:in `call'
actionpack (5.2.1) lib/action_dispatch/middleware/show_exceptions.rb:33:in `call'
railties (5.2.1) lib/rails/rack/logger.rb:38:in `call_app'
railties (5.2.1) lib/rails/rack/logger.rb:26:in `block in call'
activesupport (5.2.1) lib/active_support/tagged_logging.rb:71:in `block in tagged'
activesupport (5.2.1) lib/active_support/tagged_logging.rb:28:in `tagged'
activesupport (5.2.1) lib/active_support/tagged_logging.rb:71:in `tagged'
railties (5.2.1) lib/rails/rack/logger.rb:26:in `call'
sprockets-rails (3.2.1) lib/sprockets/rails/quiet_assets.rb:13:in `call'
actionpack (5.2.1) lib/action_dispatch/middleware/remote_ip.rb:81:in `call'
actionpack (5.2.1) lib/action_dispatch/middleware/request_id.rb:27:in `call'
rack (2.0.5) lib/rack/method_override.rb:22:in `call'
rack (2.0.5) lib/rack/runtime.rb:22:in `call'
activesupport (5.2.1) lib/active_support/cache/strategy/local_cache_middleware.rb:29:in `call'
actionpack (5.2.1) lib/action_dispatch/middleware/executor.rb:14:in `call'
actionpack (5.2.1) lib/action_dispatch/middleware/static.rb:127:in `call'
rack (2.0.5) lib/rack/sendfile.rb:111:in `call'
railties (5.2.1) lib/rails/engine.rb:524:in `call'
puma (3.12.0) lib/puma/configuration.rb:225:in `call'
puma (3.12.0) lib/puma/server.rb:658:in `handle_request'
puma (3.12.0) lib/puma/server.rb:472:in `process_client'
puma (3.12.0) lib/puma/server.rb:332:in `block in run'
puma (3.12.0) lib/puma/thread_pool.rb:133:in `block in spawn_thread'
Started GET "/produtos" for 127.0.0.1 at 2018-09-17 10:17:16 -0300
Processing by ProdutosController#index as HTML
  Rendering produtos/index.html within layouts/application
  Rendered produtos/index.html within layouts/application (0.4ms)
Completed 200 OK in 1896ms (Views: 1893.7ms | ActiveRecord: 0.0ms)


  [1m[35m (0.4ms)[0m  [1m[34mSELECT sqlite_version(*)[0m
  ↳ bin/rails:9
  [1m[35m (2.1ms)[0m  [1m[35mCREATE TABLE "schema_migrations" ("version" varchar NOT NULL PRIMARY KEY)[0m
  ↳ bin/rails:9
  [1m[35m (325.9ms)[0m  [1m[35mCREATE TABLE "ar_internal_metadata" ("key" varchar NOT NULL PRIMARY KEY, "value" varchar, "created_at" datetime NOT NULL, "updated_at" datetime NOT NULL)[0m
  ↳ bin/rails:9
  [1m[35m (0.2ms)[0m  [1m[34mSELECT "schema_migrations"."version" FROM "schema_migrations" ORDER BY "schema_migrations"."version" ASC[0m
  ↳ bin/rails:9
Migrating to CreateProdutos (20180917133141)
  [1m[35m (0.1ms)[0m  [1m[36mbegin transaction[0m
  ↳ bin/rails:9
  [1m[35m (0.8ms)[0m  [1m[35mCREATE TABLE "produtos" ("id" integer PRIMARY KEY AUTOINCREMENT NOT NULL, "nome" varchar, "descricao" text, "preco" decimal, "quantidade" integer, "created_at" datetime NOT NULL, "updated_at" datetime NOT NULL)[0m
  ↳ db/migrate/20180917133141_create_produtos.rb:3
  [1m[36mActiveRecord::SchemaMigration Create (0.2ms)[0m  [1m[32mINSERT INTO "schema_migrations" ("version") VALUES (?)[0m  [["version", "20180917133141"]]
  ↳ bin/rails:9
  [1m[35m (0.9ms)[0m  [1m[36mcommit transaction[0m
  ↳ bin/rails:9
  [1m[36mActiveRecord::InternalMetadata Load (0.2ms)[0m  [1m[34mSELECT  "ar_internal_metadata".* FROM "ar_internal_metadata" WHERE "ar_internal_metadata"."key" = ? LIMIT ?[0m  [["key", "environment"], ["LIMIT", 1]]
  ↳ bin/rails:9
  [1m[35m (0.1ms)[0m  [1m[36mbegin transaction[0m
  ↳ bin/rails:9
  [1m[36mActiveRecord::InternalMetadata Create (0.5ms)[0m  [1m[32mINSERT INTO "ar_internal_metadata" ("key", "value", "created_at", "updated_at") VALUES (?, ?, ?, ?)[0m  [["key", "environment"], ["value", "development"], ["created_at", "2018-09-17 13:33:17.723561"], ["updated_at", "2018-09-17 13:33:17.723561"]]
  ↳ bin/rails:9
  [1m[35m (0.8ms)[0m  [1m[36mcommit transaction[0m
  ↳ bin/rails:9
  [1m[35m (0.1ms)[0m  [1m[34mSELECT "schema_migrations"."version" FROM "schema_migrations" ORDER BY "schema_migrations"."version" ASC[0m
  ↳ bin/rails:9
  [1m[35m (0.4ms)[0m  [1m[36mbegin transaction[0m
  [1m[36mProduto Create (0.6ms)[0m  [1m[32mINSERT INTO "produtos" ("nome", "descricao", "preco", "quantidade", "created_at", "updated_at") VALUES (?, ?, ?, ?, ?, ?)[0m  [["nome", "Camiseta azul"], ["descricao", "Bem bonita"], ["preco", 19.99], ["quantidade", 10], ["created_at", "2018-09-17 13:38:00.580094"], ["updated_at", "2018-09-17 13:38:00.580094"]]
  [1m[35m (1.5ms)[0m  [1m[36mcommit transaction[0m
  [1m[35m (0.1ms)[0m  [1m[36mbegin transaction[0m
  [1m[36mProduto Create (1.6ms)[0m  [1m[32mINSERT INTO "produtos" ("nome", "descricao", "preco", "quantidade", "created_at", "updated_at") VALUES (?, ?, ?, ?, ?, ?)[0m  [["nome", "Tenis"], ["descricao", "Bom para corrida"], ["preco", 199.0], ["quantidade", 3], ["created_at", "2018-09-17 13:39:54.175488"], ["updated_at", "2018-09-17 13:39:54.175488"]]
  [1m[35m (1.6ms)[0m  [1m[36mcommit transaction[0m
Started GET "/produtos" for 127.0.0.1 at 2018-09-17 11:05:37 -0300
  [1m[35m (0.2ms)[0m  [1m[34mSELECT "schema_migrations"."version" FROM "schema_migrations" ORDER BY "schema_migrations"."version" ASC[0m
  ↳ /aluraverde.rvm/gems/ruby-2.5.1/gems/activerecord-5.2.1/lib/active_record/log_subscriber.rb:98
Processing by ProdutosController#index as HTML
  Rendering produtos/index.html within layouts/application
  Rendered produtos/index.html within layouts/application (0.8ms)
Completed 200 OK in 64ms (Views: 60.6ms | ActiveRecord: 0.0ms)


Started GET "/produtos" for 127.0.0.1 at 2018-09-17 11:15:48 -0300
  [1m[35m (0.2ms)[0m  [1m[34mSELECT "schema_migrations"."version" FROM "schema_migrations" ORDER BY "schema_migrations"."version" ASC[0m
  ↳ /aluraverde.rvm/gems/ruby-2.5.1/gems/activerecord-5.2.1/lib/active_record/log_subscriber.rb:98
Processing by ProdutosController#index as HTML
  Rendering produtos/index.html within layouts/application
  Rendered produtos/index.html within layouts/application (0.8ms)
Completed 200 OK in 212ms (Views: 199.5ms | ActiveRecord: 0.0ms)


Started GET "/produtos" for 127.0.0.1 at 2018-09-17 11:20:17 -0300
Processing by ProdutosController#index as HTML
  Rendering produtos/index.html.erb within layouts/application
  [1m[36mProduto Load (0.2ms)[0m  [1m[34mSELECT "produtos".* FROM "produtos"[0m
  ↳ app/views/produtos/index.html.erb:14
  Rendered produtos/index.html.erb within layouts/application (46.1ms)
Completed 200 OK in 72ms (Views: 68.1ms | ActiveRecord: 1.0ms)


Started GET "/produtos" for 127.0.0.1 at 2018-09-17 11:20:59 -0300
Processing by ProdutosController#index as HTML
  Rendering produtos/index.html.erb within layouts/application
  [1m[36mProduto Load (0.2ms)[0m  [1m[34mSELECT "produtos".* FROM "produtos"[0m
  ↳ app/views/produtos/index.html.erb:14
  Rendered produtos/index.html.erb within layouts/application (1.7ms)
Completed 200 OK in 27ms (Views: 24.7ms | ActiveRecord: 0.2ms)


  [1m[35m (0.1ms)[0m  [1m[36mbegin transaction[0m
  [1m[36mProduto Create (2.0ms)[0m  [1m[32mINSERT INTO "produtos" ("nome", "descricao", "preco", "quantidade", "created_at", "updated_at") VALUES (?, ?, ?, ?, ?, ?)[0m  [["nome", "Celular"], ["descricao", "Muito bom"], ["preco", 600.0], ["quantidade", 2], ["created_at", "2018-09-17 14:22:29.864419"], ["updated_at", "2018-09-17 14:22:29.864419"]]
  [1m[35m (1.4ms)[0m  [1m[36mcommit transaction[0m
Started GET "/produtos" for 127.0.0.1 at 2018-09-17 11:22:43 -0300
Processing by ProdutosController#index as HTML
  Rendering produtos/index.html.erb within layouts/application
  [1m[36mProduto Load (0.2ms)[0m  [1m[34mSELECT "produtos".* FROM "produtos"[0m
  ↳ app/views/produtos/index.html.erb:14
  Rendered produtos/index.html.erb within layouts/application (1.8ms)
Completed 200 OK in 28ms (Views: 25.5ms | ActiveRecord: 0.2ms)


Started GET "/produtos" for 127.0.0.1 at 2018-09-17 11:31:47 -0300
Processing by ProdutosController#index as HTML
  Rendering produtos/index.html.erb within layouts/application
  [1m[36mProduto Load (0.2ms)[0m  [1m[34mSELECT "produtos".* FROM "produtos" ORDER BY "produtos"."nome" ASC[0m
  ↳ app/views/produtos/index.html.erb:14
  Rendered produtos/index.html.erb within layouts/application (2.1ms)
Completed 200 OK in 28ms (Views: 25.3ms | ActiveRecord: 0.2ms)


Started GET "/produtos" for 127.0.0.1 at 2018-09-17 11:33:58 -0300
Processing by ProdutosController#index as HTML
  Rendering produtos/index.html.erb within layouts/application
  [1m[36mProduto Load (0.2ms)[0m  [1m[34mSELECT "produtos".* FROM "produtos" ORDER BY "produtos"."nome" ASC[0m
  ↳ app/views/produtos/index.html.erb:13
  Rendered produtos/index.html.erb within layouts/application (12.4ms)
Completed 200 OK in 40ms (Views: 35.9ms | ActiveRecord: 0.9ms)


Started GET "/produtos" for 127.0.0.1 at 2018-09-17 11:35:53 -0300
Processing by ProdutosController#index as HTML
  Rendering produtos/index.html.erb within layouts/application
  [1m[36mProduto Load (0.3ms)[0m  [1m[34mSELECT "produtos".* FROM "produtos" ORDER BY "produtos"."nome" ASC[0m
  ↳ app/views/produtos/index.html.erb:13
  [1m[36mProduto Load (0.2ms)[0m  [1m[34mSELECT "produtos".* FROM "produtos" ORDER BY "produtos"."preco" ASC[0m
  ↳ app/views/produtos/index.html.erb:22
  Rendered produtos/index.html.erb within layouts/application (14.5ms)
Completed 200 OK in 41ms (Views: 36.4ms | ActiveRecord: 1.4ms)


Started GET "/produtos" for 127.0.0.1 at 2018-09-17 11:38:06 -0300
Processing by ProdutosController#index as HTML
  Rendering produtos/index.html.erb within layouts/application
  [1m[36mProduto Load (0.3ms)[0m  [1m[34mSELECT "produtos".* FROM "produtos" ORDER BY "produtos"."nome" ASC[0m
  ↳ app/views/produtos/index.html.erb:13
  [1m[36mProduto Load (0.1ms)[0m  [1m[34mSELECT "produtos".* FROM "produtos" ORDER BY "produtos"."preco" ASC[0m
  ↳ app/views/produtos/index.html.erb:34
  Rendered produtos/index.html.erb within layouts/application (2.8ms)
Completed 200 OK in 31ms (Views: 27.2ms | ActiveRecord: 0.4ms)


Started GET "/produtos" for 127.0.0.1 at 2018-09-17 11:38:54 -0300
Processing by ProdutosController#index as HTML
  Rendering produtos/index.html.erb within layouts/application
  [1m[36mProduto Load (0.3ms)[0m  [1m[34mSELECT "produtos".* FROM "produtos" ORDER BY "produtos"."nome" ASC[0m
  ↳ app/views/produtos/index.html.erb:13
  [1m[36mProduto Load (0.4ms)[0m  [1m[34mSELECT  "produtos".* FROM "produtos" ORDER BY "produtos"."preco" ASC LIMIT ?[0m  [["LIMIT", 1]]
  ↳ app/views/produtos/index.html.erb:34
  Rendered produtos/index.html.erb within layouts/application (13.1ms)
Completed 200 OK in 42ms (Views: 36.3ms | ActiveRecord: 1.4ms)


Started GET "/produtos" for 127.0.0.1 at 2018-09-17 11:39:22 -0300
Processing by ProdutosController#index as HTML
  Rendering produtos/index.html.erb within layouts/application
  [1m[36mProduto Load (0.4ms)[0m  [1m[34mSELECT  "produtos".* FROM "produtos" ORDER BY "produtos"."nome" ASC LIMIT ?[0m  [["LIMIT", 2]]
  ↳ app/views/produtos/index.html.erb:13
  [1m[36mProduto Load (0.3ms)[0m  [1m[34mSELECT  "produtos".* FROM "produtos" ORDER BY "produtos"."preco" ASC LIMIT ?[0m  [["LIMIT", 1]]
  ↳ app/views/produtos/index.html.erb:34
  Rendered produtos/index.html.erb within layouts/application (13.5ms)
Completed 200 OK in 52ms (Views: 46.5ms | ActiveRecord: 1.4ms)


Started GET "/produtos" for 127.0.0.1 at 2018-09-17 11:39:49 -0300
Processing by ProdutosController#index as HTML
  Rendering produtos/index.html.erb within layouts/application
  [1m[36mProduto Load (0.3ms)[0m  [1m[34mSELECT  "produtos".* FROM "produtos" ORDER BY "produtos"."nome" DESC LIMIT ?[0m  [["LIMIT", 2]]
  ↳ app/views/produtos/index.html.erb:13
  [1m[36mProduto Load (0.3ms)[0m  [1m[34mSELECT  "produtos".* FROM "produtos" ORDER BY "produtos"."preco" ASC LIMIT ?[0m  [["LIMIT", 1]]
  ↳ app/views/produtos/index.html.erb:34
  Rendered produtos/index.html.erb within layouts/application (12.3ms)
Completed 200 OK in 42ms (Views: 34.9ms | ActiveRecord: 1.5ms)


Started GET "/produtos" for 127.0.0.1 at 2018-09-17 11:41:05 -0300
Processing by ProdutosController#index as HTML
  Rendering produtos/index.html.erb within layouts/application
  [1m[36mProduto Load (0.2ms)[0m  [1m[34mSELECT "produtos".* FROM "produtos"[0m
  ↳ app/views/produtos/index.html.erb:14
  Rendered produtos/index.html.erb within layouts/application (11.4ms)
Completed 200 OK in 37ms (Views: 32.6ms | ActiveRecord: 0.8ms)


Started GET "/produtos" for 127.0.0.1 at 2018-09-17 11:42:21 -0300
Processing by ProdutosController#index as HTML
  Rendering produtos/index.html.erb within layouts/application
  [1m[36mProduto Load (0.2ms)[0m  [1m[34mSELECT "produtos".* FROM "produtos" ORDER BY "produtos"."nome" ASC[0m
  ↳ app/views/produtos/index.html.erb:14
  Rendered produtos/index.html.erb within layouts/application (1.9ms)
Completed 200 OK in 29ms (Views: 26.5ms | ActiveRecord: 0.2ms)


Started GET "/produtos" for 127.0.0.1 at 2018-09-17 11:42:36 -0300
Processing by ProdutosController#index as HTML
  Rendering produtos/index.html.erb within layouts/application
  [1m[36mProduto Load (0.2ms)[0m  [1m[34mSELECT "produtos".* FROM "produtos" ORDER BY "produtos"."descricao" ASC[0m
  ↳ app/views/produtos/index.html.erb:14
  Rendered produtos/index.html.erb within layouts/application (2.3ms)
Completed 200 OK in 29ms (Views: 25.4ms | ActiveRecord: 0.2ms)


Started GET "/produtos" for 127.0.0.1 at 2018-09-17 11:42:53 -0300
Processing by ProdutosController#index as HTML
  Rendering produtos/index.html.erb within layouts/application
  [1m[36mProduto Load (0.2ms)[0m  [1m[34mSELECT "produtos".* FROM "produtos" ORDER BY "produtos"."quantidade" ASC[0m
  ↳ app/views/produtos/index.html.erb:14
  Rendered produtos/index.html.erb within layouts/application (1.8ms)
Completed 200 OK in 27ms (Views: 23.9ms | ActiveRecord: 0.2ms)


Started GET "/produtos" for 127.0.0.1 at 2018-09-17 11:44:56 -0300
Processing by ProdutosController#index as HTML
  Rendering produtos/index.html.erb within layouts/application
  [1m[36mProduto Load (0.2ms)[0m  [1m[34mSELECT "produtos".* FROM "produtos" ORDER BY "produtos"."nome" ASC[0m
  ↳ app/views/produtos/index.html.erb:13
  Rendered produtos/index.html.erb within layouts/application (11.3ms)
Completed 200 OK in 40ms (Views: 34.4ms | ActiveRecord: 1.2ms)


Started GET "/produtos" for 127.0.0.1 at 2018-09-17 11:46:44 -0300
Processing by ProdutosController#index as HTML
  Rendering produtos/index.html.erb within layouts/application
  [1m[36mProduto Load (0.5ms)[0m  [1m[34mSELECT "produtos".* FROM "produtos" ORDER BY "produtos"."nome" ASC[0m
  ↳ app/views/produtos/index.html.erb:13
  Rendered produtos/index.html.erb within layouts/application (13.4ms)
Completed 200 OK in 42ms (Views: 36.6ms | ActiveRecord: 1.3ms)


Started GET "/produtos" for 127.0.0.1 at 2018-09-17 11:46:46 -0300
Processing by ProdutosController#index as HTML
  Rendering produtos/index.html.erb within layouts/application
  [1m[36mProduto Load (0.3ms)[0m  [1m[34mSELECT "produtos".* FROM "produtos" ORDER BY "produtos"."nome" ASC[0m
  ↳ app/views/produtos/index.html.erb:13
  Rendered produtos/index.html.erb within layouts/application (1.7ms)
Completed 200 OK in 31ms (Views: 27.6ms | ActiveRecord: 0.3ms)


Started GET "/produtos" for 127.0.0.1 at 2018-09-17 11:46:53 -0300
Processing by ProdutosController#index as HTML
  Rendering produtos/index.html.erb within layouts/application
  [1m[36mProduto Load (0.2ms)[0m  [1m[34mSELECT "produtos".* FROM "produtos" ORDER BY "produtos"."nome" ASC[0m
  ↳ app/views/produtos/index.html.erb:13
  [1m[36mProduto Load (0.1ms)[0m  [1m[34mSELECT "produtos".* FROM "produtos" ORDER BY "produtos"."preco" ASC[0m
  ↳ app/views/produtos/index.html.erb:34
  Rendered produtos/index.html.erb within layouts/application (2.6ms)
Completed 200 OK in 31ms (Views: 26.8ms | ActiveRecord: 0.4ms)


Started GET "/produtos" for 127.0.0.1 at 2018-09-17 11:47:38 -0300
Processing by ProdutosController#index as HTML
  Rendering produtos/index.html.erb within layouts/application
  [1m[36mProduto Load (0.4ms)[0m  [1m[34mSELECT "produtos".* FROM "produtos" ORDER BY "produtos"."nome" ASC[0m
  ↳ app/views/produtos/index.html.erb:13
  [1m[36mProduto Load (0.3ms)[0m  [1m[34mSELECT  "produtos".* FROM "produtos" ORDER BY "produtos"."preco" ASC LIMIT ?[0m  [["LIMIT", 1]]
  ↳ app/views/produtos/index.html.erb:34
  Rendered produtos/index.html.erb within layouts/application (13.4ms)
Completed 200 OK in 43ms (Views: 36.7ms | ActiveRecord: 1.6ms)


Started GET "/produtos" for 127.0.0.1 at 2018-09-17 11:48:43 -0300
Processing by ProdutosController#index as HTML
  Rendering produtos/index.html.erb within layouts/application
  [1m[36mProduto Load (0.4ms)[0m  [1m[34mSELECT  "produtos".* FROM "produtos" ORDER BY "produtos"."nome" DESC LIMIT ?[0m  [["LIMIT", 2]]
  ↳ app/views/produtos/index.html.erb:13
  [1m[36mProduto Load (0.3ms)[0m  [1m[34mSELECT  "produtos".* FROM "produtos" ORDER BY "produtos"."preco" ASC LIMIT ?[0m  [["LIMIT", 1]]
  ↳ app/views/produtos/index.html.erb:34
  Rendered produtos/index.html.erb within layouts/application (12.5ms)
Completed 200 OK in 42ms (Views: 36.5ms | ActiveRecord: 1.4ms)


Started GET "/" for 127.0.0.1 at 2018-09-17 13:11:15 -0300
  [1m[35m (0.2ms)[0m  [1m[34mSELECT "schema_migrations"."version" FROM "schema_migrations" ORDER BY "schema_migrations"."version" ASC[0m
  ↳ /aluraverde.rvm/gems/ruby-2.5.1/gems/activerecord-5.2.1/lib/active_record/log_subscriber.rb:98
Processing by Rails::WelcomeController#index as HTML
  Rendering /aluraverde.rvm/gems/ruby-2.5.1/gems/railties-5.2.1/lib/rails/templates/rails/welcome/index.html.erb
  Rendered /aluraverde.rvm/gems/ruby-2.5.1/gems/railties-5.2.1/lib/rails/templates/rails/welcome/index.html.erb (3.9ms)
Completed 200 OK in 21ms (Views: 9.1ms | ActiveRecord: 0.0ms)


Started GET "/" for 127.0.0.1 at 2018-09-17 13:11:17 -0300
Processing by Rails::WelcomeController#index as HTML
  Rendering /aluraverde.rvm/gems/ruby-2.5.1/gems/railties-5.2.1/lib/rails/templates/rails/welcome/index.html.erb
  Rendered /aluraverde.rvm/gems/ruby-2.5.1/gems/railties-5.2.1/lib/rails/templates/rails/welcome/index.html.erb (3.5ms)
Completed 200 OK in 10ms (Views: 6.7ms | ActiveRecord: 0.0ms)


Started GET "/" for 127.0.0.1 at 2018-09-17 13:11:18 -0300
Processing by Rails::WelcomeController#index as HTML
  Rendering /aluraverde.rvm/gems/ruby-2.5.1/gems/railties-5.2.1/lib/rails/templates/rails/welcome/index.html.erb
  Rendered /aluraverde.rvm/gems/ruby-2.5.1/gems/railties-5.2.1/lib/rails/templates/rails/welcome/index.html.erb (2.6ms)
Completed 200 OK in 9ms (Views: 5.3ms | ActiveRecord: 0.0ms)


Started GET "/" for 127.0.0.1 at 2018-09-17 13:11:19 -0300
Processing by Rails::WelcomeController#index as HTML
  Rendering /aluraverde.rvm/gems/ruby-2.5.1/gems/railties-5.2.1/lib/rails/templates/rails/welcome/index.html.erb
  Rendered /aluraverde.rvm/gems/ruby-2.5.1/gems/railties-5.2.1/lib/rails/templates/rails/welcome/index.html.erb (2.9ms)
Completed 200 OK in 11ms (Views: 7.9ms | ActiveRecord: 0.0ms)


Started GET "/produtos/new" for 127.0.0.1 at 2018-09-17 13:11:24 -0300
  
ActionController::RoutingError (No route matches [GET] "/produtos/new"):
  
actionpack (5.2.1) lib/action_dispatch/middleware/debug_exceptions.rb:65:in `call'
web-console (3.7.0) lib/web_console/middleware.rb:135:in `call_app'
web-console (3.7.0) lib/web_console/middleware.rb:30:in `block in call'
web-console (3.7.0) lib/web_console/middleware.rb:20:in `catch'
web-console (3.7.0) lib/web_console/middleware.rb:20:in `call'
actionpack (5.2.1) lib/action_dispatch/middleware/show_exceptions.rb:33:in `call'
railties (5.2.1) lib/rails/rack/logger.rb:38:in `call_app'
railties (5.2.1) lib/rails/rack/logger.rb:26:in `block in call'
activesupport (5.2.1) lib/active_support/tagged_logging.rb:71:in `block in tagged'
activesupport (5.2.1) lib/active_support/tagged_logging.rb:28:in `tagged'
activesupport (5.2.1) lib/active_support/tagged_logging.rb:71:in `tagged'
railties (5.2.1) lib/rails/rack/logger.rb:26:in `call'
sprockets-rails (3.2.1) lib/sprockets/rails/quiet_assets.rb:13:in `call'
actionpack (5.2.1) lib/action_dispatch/middleware/remote_ip.rb:81:in `call'
actionpack (5.2.1) lib/action_dispatch/middleware/request_id.rb:27:in `call'
rack (2.0.5) lib/rack/method_override.rb:22:in `call'
rack (2.0.5) lib/rack/runtime.rb:22:in `call'
activesupport (5.2.1) lib/active_support/cache/strategy/local_cache_middleware.rb:29:in `call'
actionpack (5.2.1) lib/action_dispatch/middleware/executor.rb:14:in `call'
actionpack (5.2.1) lib/action_dispatch/middleware/static.rb:127:in `call'
rack (2.0.5) lib/rack/sendfile.rb:111:in `call'
railties (5.2.1) lib/rails/engine.rb:524:in `call'
puma (3.12.0) lib/puma/configuration.rb:225:in `call'
puma (3.12.0) lib/puma/server.rb:658:in `handle_request'
puma (3.12.0) lib/puma/server.rb:472:in `process_client'
puma (3.12.0) lib/puma/server.rb:332:in `block in run'
puma (3.12.0) lib/puma/thread_pool.rb:133:in `block in spawn_thread'
Started GET "/produtos" for 127.0.0.1 at 2018-09-17 13:11:28 -0300
Processing by ProdutosController#index as HTML
  Rendering produtos/index.html.erb within layouts/application
  [1m[36mProduto Load (0.4ms)[0m  [1m[34mSELECT  "produtos".* FROM "produtos" ORDER BY "produtos"."nome" DESC LIMIT ?[0m  [["LIMIT", 2]]
  ↳ app/views/produtos/index.html.erb:13
  [1m[36mProduto Load (0.3ms)[0m  [1m[34mSELECT  "produtos".* FROM "produtos" ORDER BY "produtos"."preco" ASC LIMIT ?[0m  [["LIMIT", 1]]
  ↳ app/views/produtos/index.html.erb:34
  Rendered produtos/index.html.erb within layouts/application (12.1ms)
Completed 200 OK in 200ms (Views: 194.1ms | ActiveRecord: 1.3ms)


Started GET "/" for 127.0.0.1 at 2018-09-17 13:12:50 -0300
Processing by Rails::WelcomeController#index as HTML
  Rendering /aluraverde.rvm/gems/ruby-2.5.1/gems/railties-5.2.1/lib/rails/templates/rails/welcome/index.html.erb
  Rendered /aluraverde.rvm/gems/ruby-2.5.1/gems/railties-5.2.1/lib/rails/templates/rails/welcome/index.html.erb (4.3ms)
Completed 200 OK in 13ms (Views: 9.6ms | ActiveRecord: 0.0ms)


Started GET "/produtos" for 127.0.0.1 at 2018-09-17 13:12:58 -0300
Processing by ProdutosController#index as HTML
  Rendering produtos/index.html.erb within layouts/application
  [1m[36mProduto Load (0.3ms)[0m  [1m[34mSELECT  "produtos".* FROM "produtos" ORDER BY "produtos"."nome" DESC LIMIT ?[0m  [["LIMIT", 2]]
  ↳ app/views/produtos/index.html.erb:13
  [1m[36mProduto Load (0.3ms)[0m  [1m[34mSELECT  "produtos".* FROM "produtos" ORDER BY "produtos"."preco" ASC LIMIT ?[0m  [["LIMIT", 1]]
  ↳ app/views/produtos/index.html.erb:34
  Rendered produtos/index.html.erb within layouts/application (3.5ms)
Completed 200 OK in 33ms (Views: 28.5ms | ActiveRecord: 0.6ms)


Started GET "/" for 127.0.0.1 at 2018-09-17 13:14:18 -0300
Processing by ProdutosController#index as HTML
  Rendering produtos/index.html.erb within layouts/application
  [1m[36mProduto Load (0.3ms)[0m  [1m[34mSELECT  "produtos".* FROM "produtos" ORDER BY "produtos"."nome" DESC LIMIT ?[0m  [["LIMIT", 2]]
  ↳ app/views/produtos/index.html.erb:13
  [1m[36mProduto Load (0.4ms)[0m  [1m[34mSELECT  "produtos".* FROM "produtos" ORDER BY "produtos"."preco" ASC LIMIT ?[0m  [["LIMIT", 1]]
  ↳ app/views/produtos/index.html.erb:34
  Rendered produtos/index.html.erb within layouts/application (12.5ms)
Completed 200 OK in 63ms (Views: 56.8ms | ActiveRecord: 1.3ms)


Started GET "/produtos" for 127.0.0.1 at 2018-09-17 13:14:24 -0300
Processing by ProdutosController#index as HTML
  Rendering produtos/index.html.erb within layouts/application
  [1m[36mProduto Load (0.4ms)[0m  [1m[34mSELECT  "produtos".* FROM "produtos" ORDER BY "produtos"."nome" DESC LIMIT ?[0m  [["LIMIT", 2]]
  ↳ app/views/produtos/index.html.erb:13
  [1m[36mProduto Load (0.4ms)[0m  [1m[34mSELECT  "produtos".* FROM "produtos" ORDER BY "produtos"."preco" ASC LIMIT ?[0m  [["LIMIT", 1]]
  ↳ app/views/produtos/index.html.erb:34
  Rendered produtos/index.html.erb within layouts/application (5.2ms)
Completed 200 OK in 37ms (Views: 32.7ms | ActiveRecord: 0.8ms)


Started GET "/produtos" for 127.0.0.1 at 2018-09-17 13:14:51 -0300
  
ActionController::RoutingError (No route matches [GET] "/produtos"):
  
actionpack (5.2.1) lib/action_dispatch/middleware/debug_exceptions.rb:65:in `call'
web-console (3.7.0) lib/web_console/middleware.rb:135:in `call_app'
web-console (3.7.0) lib/web_console/middleware.rb:30:in `block in call'
web-console (3.7.0) lib/web_console/middleware.rb:20:in `catch'
web-console (3.7.0) lib/web_console/middleware.rb:20:in `call'
actionpack (5.2.1) lib/action_dispatch/middleware/show_exceptions.rb:33:in `call'
railties (5.2.1) lib/rails/rack/logger.rb:38:in `call_app'
railties (5.2.1) lib/rails/rack/logger.rb:26:in `block in call'
activesupport (5.2.1) lib/active_support/tagged_logging.rb:71:in `block in tagged'
activesupport (5.2.1) lib/active_support/tagged_logging.rb:28:in `tagged'
activesupport (5.2.1) lib/active_support/tagged_logging.rb:71:in `tagged'
railties (5.2.1) lib/rails/rack/logger.rb:26:in `call'
sprockets-rails (3.2.1) lib/sprockets/rails/quiet_assets.rb:13:in `call'
actionpack (5.2.1) lib/action_dispatch/middleware/remote_ip.rb:81:in `call'
actionpack (5.2.1) lib/action_dispatch/middleware/request_id.rb:27:in `call'
rack (2.0.5) lib/rack/method_override.rb:22:in `call'
rack (2.0.5) lib/rack/runtime.rb:22:in `call'
activesupport (5.2.1) lib/active_support/cache/strategy/local_cache_middleware.rb:29:in `call'
actionpack (5.2.1) lib/action_dispatch/middleware/executor.rb:14:in `call'
actionpack (5.2.1) lib/action_dispatch/middleware/static.rb:127:in `call'
rack (2.0.5) lib/rack/sendfile.rb:111:in `call'
railties (5.2.1) lib/rails/engine.rb:524:in `call'
puma (3.12.0) lib/puma/configuration.rb:225:in `call'
puma (3.12.0) lib/puma/server.rb:658:in `handle_request'
puma (3.12.0) lib/puma/server.rb:472:in `process_client'
puma (3.12.0) lib/puma/server.rb:332:in `block in run'
puma (3.12.0) lib/puma/thread_pool.rb:133:in `block in spawn_thread'
Started GET "/" for 127.0.0.1 at 2018-09-17 13:14:57 -0300
Processing by ProdutosController#index as HTML
  Rendering produtos/index.html.erb within layouts/application
  [1m[36mProduto Load (0.3ms)[0m  [1m[34mSELECT  "produtos".* FROM "produtos" ORDER BY "produtos"."nome" DESC LIMIT ?[0m  [["LIMIT", 2]]
  ↳ app/views/produtos/index.html.erb:13
  [1m[36mProduto Load (0.3ms)[0m  [1m[34mSELECT  "produtos".* FROM "produtos" ORDER BY "produtos"."preco" ASC LIMIT ?[0m  [["LIMIT", 1]]
  ↳ app/views/produtos/index.html.erb:34
  Rendered produtos/index.html.erb within layouts/application (19.6ms)
Completed 200 OK in 66ms (Views: 57.4ms | ActiveRecord: 1.3ms)


Started GET "/rails/info/routes" for 127.0.0.1 at 2018-09-17 13:15:17 -0300
Processing by Rails::InfoController#routes as HTML
  Rendering /aluraverde.rvm/gems/ruby-2.5.1/gems/railties-5.2.1/lib/rails/templates/rails/info/routes.html.erb within layouts/application
  Rendered collection of /aluraverde.rvm/gems/ruby-2.5.1/gems/actionpack-5.2.1/lib/action_dispatch/middleware/templates/routes/_route.html.erb [6 times] (2.9ms)
  Rendered /aluraverde.rvm/gems/ruby-2.5.1/gems/actionpack-5.2.1/lib/action_dispatch/middleware/templates/routes/_table.html.erb (1.7ms)
  Rendered /aluraverde.rvm/gems/ruby-2.5.1/gems/railties-5.2.1/lib/rails/templates/rails/info/routes.html.erb within layouts/application (12.0ms)
Completed 200 OK in 32ms (Views: 24.2ms | ActiveRecord: 0.0ms)


Started GET "/" for 127.0.0.1 at 2018-09-17 13:19:42 -0300
Processing by ProdutosController#index as HTML
  Rendering produtos/index.html.erb within layouts/application
  [1m[36mProduto Load (0.2ms)[0m  [1m[34mSELECT  "produtos".* FROM "produtos" ORDER BY "produtos"."nome" DESC LIMIT ?[0m  [["LIMIT", 2]]
  ↳ app/views/produtos/index.html.erb:13
  [1m[36mProduto Load (0.4ms)[0m  [1m[34mSELECT  "produtos".* FROM "produtos" ORDER BY "produtos"."preco" ASC LIMIT ?[0m  [["LIMIT", 1]]
  ↳ app/views/produtos/index.html.erb:34
  Rendered produtos/index.html.erb within layouts/application (12.6ms)
Completed 500 Internal Server Error in 41ms (ActiveRecord: 1.2ms)


  
ActionView::Template::Error (couldn't find file 'twitter-bootstrap-static/bootstrap' with type 'text/css'
Checked in these paths: 
  /Volumes/Alura Verde 2/aluraverde/Desktop/loja/app/assets/config
  /Volumes/Alura Verde 2/aluraverde/Desktop/loja/app/assets/images
  /Volumes/Alura Verde 2/aluraverde/Desktop/loja/app/assets/javascripts
  /Volumes/Alura Verde 2/aluraverde/Desktop/loja/app/assets/stylesheets
  /aluraverde.rvm/gems/ruby-2.5.1/gems/coffee-rails-4.2.2/lib/assets/javascripts
  /aluraverde.rvm/gems/ruby-2.5.1/gems/actioncable-5.2.1/lib/assets/compiled
  /aluraverde.rvm/gems/ruby-2.5.1/gems/activestorage-5.2.1/app/assets/javascripts
  /aluraverde.rvm/gems/ruby-2.5.1/gems/actionview-5.2.1/lib/assets/compiled
  /aluraverde.rvm/gems/ruby-2.5.1/gems/turbolinks-source-5.2.0/lib/assets/javascripts
  /Volumes/Alura Verde 2/aluraverde/Desktop/loja/node_modules):
     5:     <%= csrf_meta_tags %>
     6:     <%= csp_meta_tag %>
     7: 
     8:     <%= stylesheet_link_tag    'application', media: 'all', 'data-turbolinks-track': 'reload' %>
     9:     <%= javascript_include_tag 'application', 'data-turbolinks-track': 'reload' %>
    10:   </head>
    11: 
  
app/assets/stylesheets/bootstrap_and_overrides.css:2
app/views/layouts/application.html.erb:8:in `_app_views_layouts_application_html_erb__3783411514517106837_70161150711160'
Started GET "/" for 127.0.0.1 at 2018-09-17 13:20:12 -0300
  [1m[35m (0.3ms)[0m  [1m[34mSELECT "schema_migrations"."version" FROM "schema_migrations" ORDER BY "schema_migrations"."version" ASC[0m
  ↳ /aluraverde.rvm/gems/ruby-2.5.1/gems/activerecord-5.2.1/lib/active_record/log_subscriber.rb:98
Processing by ProdutosController#index as HTML
  Rendering produtos/index.html.erb within layouts/application
  [1m[36mProduto Load (0.4ms)[0m  [1m[34mSELECT  "produtos".* FROM "produtos" ORDER BY "produtos"."nome" DESC LIMIT ?[0m  [["LIMIT", 2]]
  ↳ app/views/produtos/index.html.erb:13
  [1m[36mProduto Load (0.3ms)[0m  [1m[34mSELECT  "produtos".* FROM "produtos" ORDER BY "produtos"."preco" ASC LIMIT ?[0m  [["LIMIT", 1]]
  ↳ app/views/produtos/index.html.erb:34
  Rendered produtos/index.html.erb within layouts/application (26.5ms)
Completed 200 OK in 935ms (Views: 917.1ms | ActiveRecord: 2.8ms)


Started GET "/" for 127.0.0.1 at 2018-09-17 13:22:12 -0300
Processing by ProdutosController#index as HTML
  Rendering produtos/index.html.erb within layouts/application
  [1m[36mProduto Load (0.4ms)[0m  [1m[34mSELECT  "produtos".* FROM "produtos" ORDER BY "produtos"."nome" DESC LIMIT ?[0m  [["LIMIT", 2]]
  ↳ app/views/produtos/index.html.erb:13
  [1m[36mProduto Load (1.0ms)[0m  [1m[34mSELECT  "produtos".* FROM "produtos" ORDER BY "produtos"."preco" ASC LIMIT ?[0m  [["LIMIT", 1]]
  ↳ app/views/produtos/index.html.erb:34
  Rendered produtos/index.html.erb within layouts/application (5.4ms)
Completed 200 OK in 77ms (Views: 71.5ms | ActiveRecord: 1.4ms)


Started GET "/" for 127.0.0.1 at 2018-09-17 13:22:37 -0300
Processing by ProdutosController#index as HTML
  Rendering produtos/index.html.erb within layouts/application
  [1m[36mProduto Load (0.3ms)[0m  [1m[34mSELECT  "produtos".* FROM "produtos" ORDER BY "produtos"."nome" DESC LIMIT ?[0m  [["LIMIT", 2]]
  ↳ app/views/produtos/index.html.erb:13
  [1m[36mProduto Load (0.7ms)[0m  [1m[34mSELECT  "produtos".* FROM "produtos" ORDER BY "produtos"."preco" ASC LIMIT ?[0m  [["LIMIT", 1]]
  ↳ app/views/produtos/index.html.erb:34
  Rendered produtos/index.html.erb within layouts/application (3.5ms)
Completed 200 OK in 66ms (Views: 60.5ms | ActiveRecord: 1.1ms)


Started GET "/" for 127.0.0.1 at 2018-09-17 13:24:58 -0300
Processing by ProdutosController#index as HTML
  Rendering produtos/index.html.erb within layouts/application
  [1m[36mProduto Load (0.3ms)[0m  [1m[34mSELECT  "produtos".* FROM "produtos" ORDER BY "produtos"."nome" DESC LIMIT ?[0m  [["LIMIT", 2]]
  ↳ app/views/produtos/index.html.erb:14
  [1m[36mProduto Load (0.2ms)[0m  [1m[34mSELECT  "produtos".* FROM "produtos" ORDER BY "produtos"."preco" ASC LIMIT ?[0m  [["LIMIT", 1]]
  ↳ app/views/produtos/index.html.erb:35
  Rendered produtos/index.html.erb within layouts/application (3.8ms)
Completed 200 OK in 46ms (Views: 42.2ms | ActiveRecord: 0.5ms)


Started GET "/" for 127.0.0.1 at 2018-09-17 13:25:03 -0300
Processing by ProdutosController#index as HTML
  Rendering produtos/index.html.erb within layouts/application
  [1m[36mProduto Load (0.3ms)[0m  [1m[34mSELECT  "produtos".* FROM "produtos" ORDER BY "produtos"."nome" DESC LIMIT ?[0m  [["LIMIT", 2]]
  ↳ app/views/produtos/index.html.erb:14
  [1m[36mProduto Load (0.2ms)[0m  [1m[34mSELECT  "produtos".* FROM "produtos" ORDER BY "produtos"."preco" ASC LIMIT ?[0m  [["LIMIT", 1]]
  ↳ app/views/produtos/index.html.erb:35
  Rendered produtos/index.html.erb within layouts/application (3.5ms)
Completed 200 OK in 43ms (Views: 38.6ms | ActiveRecord: 0.5ms)


Started GET "/" for 127.0.0.1 at 2018-09-17 13:26:24 -0300
Processing by ProdutosController#index as HTML
  Rendering produtos/index.html.erb within layouts/application
  [1m[36mProduto Load (0.4ms)[0m  [1m[34mSELECT  "produtos".* FROM "produtos" ORDER BY "produtos"."nome" DESC LIMIT ?[0m  [["LIMIT", 2]]
  ↳ app/views/produtos/index.html.erb:15
  [1m[36mProduto Load (0.2ms)[0m  [1m[34mSELECT  "produtos".* FROM "produtos" ORDER BY "produtos"."preco" ASC LIMIT ?[0m  [["LIMIT", 1]]
  ↳ app/views/produtos/index.html.erb:36
  Rendered produtos/index.html.erb within layouts/application (3.2ms)
Completed 200 OK in 45ms (Views: 42.2ms | ActiveRecord: 0.6ms)


Started GET "/" for 127.0.0.1 at 2018-09-17 13:28:13 -0300
Processing by ProdutosController#index as HTML
  Rendering produtos/index.html.erb within layouts/application
  [1m[36mProduto Load (0.3ms)[0m  [1m[34mSELECT  "produtos".* FROM "produtos" ORDER BY "produtos"."nome" DESC LIMIT ?[0m  [["LIMIT", 2]]
  ↳ app/views/produtos/index.html.erb:15
  [1m[36mProduto Load (0.3ms)[0m  [1m[34mSELECT  "produtos".* FROM "produtos" ORDER BY "produtos"."preco" ASC LIMIT ?[0m  [["LIMIT", 1]]
  ↳ app/views/produtos/index.html.erb:38
  Rendered produtos/index.html.erb within layouts/application (3.6ms)
Completed 200 OK in 45ms (Views: 40.8ms | ActiveRecord: 0.6ms)


Started GET "/" for 127.0.0.1 at 2018-09-17 13:28:21 -0300
Processing by ProdutosController#index as HTML
  Rendering produtos/index.html.erb within layouts/application
  [1m[36mProduto Load (0.4ms)[0m  [1m[34mSELECT  "produtos".* FROM "produtos" ORDER BY "produtos"."nome" DESC LIMIT ?[0m  [["LIMIT", 2]]
  ↳ app/views/produtos/index.html.erb:15
  [1m[36mProduto Load (0.3ms)[0m  [1m[34mSELECT  "produtos".* FROM "produtos" ORDER BY "produtos"."preco" ASC LIMIT ?[0m  [["LIMIT", 1]]
  ↳ app/views/produtos/index.html.erb:38
  Rendered produtos/index.html.erb within layouts/application (3.7ms)
Completed 200 OK in 44ms (Views: 39.2ms | ActiveRecord: 0.6ms)


Started GET "/" for 127.0.0.1 at 2018-09-17 13:28:40 -0300
Processing by ProdutosController#index as HTML
  Rendering produtos/index.html.erb within layouts/application
  [1m[36mProduto Load (0.4ms)[0m  [1m[34mSELECT  "produtos".* FROM "produtos" ORDER BY "produtos"."nome" DESC LIMIT ?[0m  [["LIMIT", 2]]
  ↳ app/views/produtos/index.html.erb:15
  [1m[36mProduto Load (0.3ms)[0m  [1m[34mSELECT  "produtos".* FROM "produtos" ORDER BY "produtos"."preco" ASC LIMIT ?[0m  [["LIMIT", 1]]
  ↳ app/views/produtos/index.html.erb:38
  Rendered produtos/index.html.erb within layouts/application (3.5ms)
Completed 200 OK in 46ms (Views: 41.5ms | ActiveRecord: 0.7ms)


Started GET "/" for 127.0.0.1 at 2018-10-08 14:02:53 -0300
  [1m[35m (0.5ms)[0m  [1m[34mSELECT "schema_migrations"."version" FROM "schema_migrations" ORDER BY "schema_migrations"."version" ASC[0m
  ↳ /Users/guilhermelima/.rvm/gems/ruby-2.5.1/gems/activerecord-5.2.1/lib/active_record/log_subscriber.rb:98
Processing by ProdutosController#index as HTML
  Rendering produtos/index.html.erb within layouts/application
  [1m[36mProduto Load (0.6ms)[0m  [1m[34mSELECT  "produtos".* FROM "produtos" ORDER BY "produtos"."nome" DESC LIMIT ?[0m  [["LIMIT", 2]]
  ↳ app/views/produtos/index.html.erb:15
  [1m[36mProduto Load (0.3ms)[0m  [1m[34mSELECT  "produtos".* FROM "produtos" ORDER BY "produtos"."preco" ASC LIMIT ?[0m  [["LIMIT", 1]]
  ↳ app/views/produtos/index.html.erb:38
  Rendered produtos/index.html.erb within layouts/application (23.5ms)
Completed 200 OK in 413ms (Views: 401.7ms | ActiveRecord: 1.5ms)


Started GET "/" for 127.0.0.1 at 2018-10-08 14:59:56 -0300
  [1m[35m (0.5ms)[0m  [1m[34mSELECT "schema_migrations"."version" FROM "schema_migrations" ORDER BY "schema_migrations"."version" ASC[0m
  ↳ /Users/guilhermelima/.rvm/gems/ruby-2.5.1/gems/activerecord-5.2.1/lib/active_record/log_subscriber.rb:98
Processing by ProdutosController#index as HTML
  Rendering produtos/index.html.erb within layouts/application
  [1m[36mProduto Load (0.6ms)[0m  [1m[34mSELECT  "produtos".* FROM "produtos" ORDER BY "produtos"."nome" DESC LIMIT ?[0m  [["LIMIT", 2]]
  ↳ app/views/produtos/index.html.erb:15
  [1m[36mProduto Load (0.2ms)[0m  [1m[34mSELECT  "produtos".* FROM "produtos" ORDER BY "produtos"."preco" ASC LIMIT ?[0m  [["LIMIT", 1]]
  ↳ app/views/produtos/index.html.erb:38
  Rendered produtos/index.html.erb within layouts/application (19.7ms)
Completed 200 OK in 424ms (Views: 387.5ms | ActiveRecord: 1.8ms)


